# JRE version: Java(TM) SE Runtime Environment (8.0_192-b12) (build 1.8.0_192-b12)
# Java VM: Java HotSpot(TM) 64-Bit Server VM (25.192-b12 mixed mode windows-amd64 compressed oops)
Heap:
 PSYoungGen      total 251904K, used 91835K [0x00000000eab00000, 0x00000000fd780000, 0x0000000100000000)
  eden space 215040K, 30% used [0x00000000eab00000,0x00000000eeb91248,0x00000000f7d00000)
  from space 36864K, 69% used [0x00000000f7d00000,0x00000000f961db00,0x00000000fa100000)
  to   space 37888K, 0% used [0x00000000fb280000,0x00000000fb280000,0x00000000fd780000)
 ParOldGen       total 212480K, used 100321K [0x00000000c0000000, 0x00000000ccf80000, 0x00000000eab00000)
  object space 212480K, 47% used [0x00000000c0000000,0x00000000c61f8540,0x00000000ccf80000)
 Metaspace       used 88145K, capacity 94198K, committed 94464K, reserved 1130496K
  class space    used 11465K, capacity 12690K, committed 12800K, reserved 1048576K
GC Heap History (10 events):
Event: 4508.545 GC heap before
{Heap before GC invocations=23 (full 3):
 PSYoungGen      total 212992K, used 212615K [0x00000000eab00000, 0x00000000fc880000, 0x0000000100000000)
  eden space 198144K, 100% used [0x00000000eab00000,0x00000000f6c80000,0x00000000f6c80000)
  from space 14848K, 97% used [0x00000000fa880000,0x00000000fb6a1f08,0x00000000fb700000)
  to   space 17920K, 0% used [0x00000000fb700000,0x00000000fb700000,0x00000000fc880000)
 ParOldGen       total 111616K, used 73842K [0x00000000c0000000, 0x00000000c6d00000, 0x00000000eab00000)
  object space 111616K, 66% used [0x00000000c0000000,0x00000000c481ca90,0x00000000c6d00000)
 Metaspace       used 82274K, capacity 87908K, committed 88192K, reserved 1126400K
  class space    used 10805K, capacity 12094K, committed 12160K, reserved 1048576K
Event: 4508.597 GC heap after
Heap after GC invocations=23 (full 3):
 PSYoungGen      total 208896K, used 17909K [0x00000000eab00000, 0x00000000fc880000, 0x0000000100000000)
  eden space 190976K, 0% used [0x00000000eab00000,0x00000000eab00000,0x00000000f6580000)
  from space 17920K, 99% used [0x00000000fb700000,0x00000000fc87d7d8,0x00000000fc880000)
  to   space 40448K, 0% used [0x00000000f7980000,0x00000000f7980000,0x00000000fa100000)
 ParOldGen       total 118784K, used 118581K [0x00000000c0000000, 0x00000000c7400000, 0x00000000eab00000)
  object space 118784K, 99% used [0x00000000c0000000,0x00000000c73cd508,0x00000000c7400000)
 Metaspace       used 82274K, capacity 87908K, committed 88192K, reserved 1126400K
  class space    used 10805K, capacity 12094K, committed 12160K, reserved 1048576K
}
Event: 4508.597 GC heap before
{Heap before GC invocations=24 (full 4):
 PSYoungGen      total 208896K, used 17909K [0x00000000eab00000, 0x00000000fc880000, 0x0000000100000000)
  eden space 190976K, 0% used [0x00000000eab00000,0x00000000eab00000,0x00000000f6580000)
  from space 17920K, 99% used [0x00000000fb700000,0x00000000fc87d7d8,0x00000000fc880000)
  to   space 40448K, 0% used [0x00000000f7980000,0x00000000f7980000,0x00000000fa100000)
 ParOldGen       total 118784K, used 118581K [0x00000000c0000000, 0x00000000c7400000, 0x00000000eab00000)
  object space 118784K, 99% used [0x00000000c0000000,0x00000000c73cd508,0x00000000c7400000)
 Metaspace       used 82274K, capacity 87908K, committed 88192K, reserved 1126400K
  class space    used 10805K, capacity 12094K, committed 12160K, reserved 1048576K
Event: 4508.950 GC heap after
Heap after GC invocations=24 (full 4):
 PSYoungGen      total 208896K, used 0K [0x00000000eab00000, 0x00000000fc880000, 0x0000000100000000)
  eden space 190976K, 0% used [0x00000000eab00000,0x00000000eab00000,0x00000000f6580000)
  from space 17920K, 0% used [0x00000000fb700000,0x00000000fb700000,0x00000000fc880000)
  to   space 40448K, 0% used [0x00000000f7980000,0x00000000f7980000,0x00000000fa100000)
 ParOldGen       total 212480K, used 100297K [0x00000000c0000000, 0x00000000ccf80000, 0x00000000eab00000)
  object space 212480K, 47% used [0x00000000c0000000,0x00000000c61f2540,0x00000000ccf80000)
 Metaspace       used 81386K, capacity 85544K, committed 88192K, reserved 1126400K
  class space    used 10544K, capacity 11398K, committed 12160K, reserved 1048576K
}
Event: 4511.241 GC heap before
{Heap before GC invocations=25 (full 4):
 PSYoungGen      total 208896K, used 186658K [0x00000000eab00000, 0x00000000fc880000, 0x0000000100000000)
  eden space 190976K, 97% used [0x00000000eab00000,0x00000000f6148830,0x00000000f6580000)
  from space 17920K, 0% used [0x00000000fb700000,0x00000000fb700000,0x00000000fc880000)
  to   space 40448K, 0% used [0x00000000f7980000,0x00000000f7980000,0x00000000fa100000)
 ParOldGen       total 212480K, used 100297K [0x00000000c0000000, 0x00000000ccf80000, 0x00000000eab00000)
  object space 212480K, 47% used [0x00000000c0000000,0x00000000c61f2540,0x00000000ccf80000)
 Metaspace       used 83273K, capacity 87552K, committed 89472K, reserved 1126400K
  class space    used 10750K, capacity 11598K, committed 12160K, reserved 1048576K
Event: 4511.251 GC heap after
Heap after GC invocations=25 (full 4):
 PSYoungGen      total 251904K, used 16845K [0x00000000eab00000, 0x00000000fc600000, 0x0000000100000000)
  eden space 211456K, 0% used [0x00000000eab00000,0x00000000eab00000,0x00000000f7980000)
  from space 40448K, 41% used [0x00000000f7980000,0x00000000f89f3680,0x00000000fa100000)
  to   space 37888K, 0% used [0x00000000fa100000,0x00000000fa100000,0x00000000fc600000)
 ParOldGen       total 212480K, used 100305K [0x00000000c0000000, 0x00000000ccf80000, 0x00000000eab00000)
  object space 212480K, 47% used [0x00000000c0000000,0x00000000c61f4540,0x00000000ccf80000)
 Metaspace       used 83273K, capacity 87552K, committed 89472K, reserved 1126400K
  class space    used 10750K, capacity 11598K, committed 12160K, reserved 1048576K
}
Event: 4557.933 GC heap before
{Heap before GC invocations=26 (full 4):
 PSYoungGen      total 251904K, used 228301K [0x00000000eab00000, 0x00000000fc600000, 0x0000000100000000)
  eden space 211456K, 100% used [0x00000000eab00000,0x00000000f7980000,0x00000000f7980000)
  from space 40448K, 41% used [0x00000000f7980000,0x00000000f89f3680,0x00000000fa100000)
  to   space 37888K, 0% used [0x00000000fa100000,0x00000000fa100000,0x00000000fc600000)
 ParOldGen       total 212480K, used 100305K [0x00000000c0000000, 0x00000000ccf80000, 0x00000000eab00000)
  object space 212480K, 47% used [0x00000000c0000000,0x00000000c61f4540,0x00000000ccf80000)
 Metaspace       used 83826K, capacity 88276K, committed 89728K, reserved 1126400K
  class space    used 10837K, capacity 11738K, committed 12160K, reserved 1048576K
Event: 4557.945 GC heap after
Heap after GC invocations=26 (full 4):
 PSYoungGen      total 252928K, used 12794K [0x00000000eab00000, 0x00000000fd600000, 0x0000000100000000)
  eden space 215040K, 0% used [0x00000000eab00000,0x00000000eab00000,0x00000000f7d00000)
  from space 37888K, 33% used [0x00000000fa100000,0x00000000fad7e8b0,0x00000000fc600000)
  to   space 36864K, 0% used [0x00000000f7d00000,0x00000000f7d00000,0x00000000fa100000)
 ParOldGen       total 212480K, used 100313K [0x00000000c0000000, 0x00000000ccf80000, 0x00000000eab00000)
  object space 212480K, 47% used [0x00000000c0000000,0x00000000c61f6540,0x00000000ccf80000)
 Metaspace       used 83826K, capacity 88276K, committed 89728K, reserved 1126400K
  class space    used 10837K, capacity 11738K, committed 12160K, reserved 1048576K
}
Event: 6618.850 GC heap before
{Heap before GC invocations=27 (full 4):
 PSYoungGen      total 252928K, used 227834K [0x00000000eab00000, 0x00000000fd600000, 0x0000000100000000)
  eden space 215040K, 100% used [0x00000000eab00000,0x00000000f7d00000,0x00000000f7d00000)
  from space 37888K, 33% used [0x00000000fa100000,0x00000000fad7e8b0,0x00000000fc600000)
  to   space 36864K, 0% used [0x00000000f7d00000,0x00000000f7d00000,0x00000000fa100000)
 ParOldGen       total 212480K, used 100313K [0x00000000c0000000, 0x00000000ccf80000, 0x00000000eab00000)
  object space 212480K, 47% used [0x00000000c0000000,0x00000000c61f6540,0x00000000ccf80000)
 Metaspace       used 88001K, capacity 93858K, committed 94208K, reserved 1130496K
  class space    used 11438K, capacity 12644K, committed 12800K, reserved 1048576K
Event: 6618.884 GC heap after
Heap after GC invocations=27 (full 4):
 PSYoungGen      total 251904K, used 25718K [0x00000000eab00000, 0x00000000fd780000, 0x0000000100000000)
  eden space 215040K, 0% used [0x00000000eab00000,0x00000000eab00000,0x00000000f7d00000)
  from space 36864K, 69% used [0x00000000f7d00000,0x00000000f961db00,0x00000000fa100000)
  to   space 37888K, 0% used [0x00000000fb280000,0x00000000fb280000,0x00000000fd780000)
 ParOldGen       total 212480K, used 100321K [0x00000000c0000000, 0x00000000ccf80000, 0x00000000eab00000)
  object space 212480K, 47% used [0x00000000c0000000,0x00000000c61f8540,0x00000000ccf80000)
 Metaspace       used 88001K, capacity 93858K, committed 94208K, reserved 1130496K
  class space    used 11438K, capacity 12644K, committed 12800K, reserved 1048576K
}

